2025-04-04 09:45:53.071981 - Received CBT.V508.FILE439.PDS from FILE439.XMI 
2025-04-04 09:45:53.073348 - Found $$$DOC.txt (text/plain) in CBT.V508.FILE439.PDS, moved to PDS/$$$DOC
2025-04-04 09:45:53.073506 - Found $BATCH.jcl (text/plain) in CBT.V508.FILE439.PDS, moved to PDS/$BATCH
2025-04-04 09:45:53.073646 - Found $COMPILE.jcl (text/plain) in CBT.V508.FILE439.PDS, moved to PDS/$COMPILE
2025-04-04 09:45:53.073787 - Found @FILE439.txt (text/plain) in CBT.V508.FILE439.PDS, moved to PDS/@FILE439
2025-04-04 09:45:53.073913 - Found @FILE440.txt (text/plain) in CBT.V508.FILE439.PDS, moved to PDS/@FILE440
2025-04-04 09:45:53.074041 - Found DEFCL.jcl (text/plain) in CBT.V508.FILE439.PDS, moved to PDS/DEFCL
2025-04-04 09:45:53.074275 - Found PDSALLO$.xmi (application/xmit) in CBT.V508.FILE439.PDS, moved to PDS/PDSALLO$.xmi
2025-04-04 09:45:53.083942 - Received SBGOLOB.PDSALLOC.PRT from PDSALLO$.xmi 
2025-04-04 09:45:53.084141 - Found SBGOLOB.PDSALLOC.PRT.bin (application/octet-stream), moved to PDSALLO$/SBGOLOB.PDSALLOC.PRT
2025-04-04 09:45:53.084389 - Found PDSALLOC.txt (text/plain) in CBT.V508.FILE439.PDS, moved to PDS/PDSALLOC
2025-04-04 09:45:53.084535 - Found PDSDIR.txt (text/plain) in CBT.V508.FILE439.PDS, moved to PDS/PDSDIR
2025-04-04 09:45:53.084667 - Found PDSFREE.txt (text/plain) in CBT.V508.FILE439.PDS, moved to PDS/PDSFREE
2025-04-04 09:45:53.084803 - Found PDSFREE$.xmi (application/xmit) in CBT.V508.FILE439.PDS, moved to PDS/PDSFREE$.xmi
2025-04-04 09:45:53.093178 - Received SBGOLOB.PDSFREE.PRT from PDSFREE$.xmi 
2025-04-04 09:45:53.093360 - Found SBGOLOB.PDSFREE.PRT.bin (application/octet-stream), moved to PDSFREE$/SBGOLOB.PDSFREE.PRT
2025-04-04 09:45:53.093605 - Found PDSHLP2A.txt (text/plain) in CBT.V508.FILE439.PDS, moved to PDS/PDSHLP2A
2025-04-04 09:45:53.093751 - Found PDSMEM1.txt (text/plain) in CBT.V508.FILE439.PDS, moved to PDS/PDSMEM1
2025-04-04 09:45:53.093875 - Found PDSMEM2A.txt (text/plain) in CBT.V508.FILE439.PDS, moved to PDS/PDSMEM2A
2025-04-04 09:45:53.093993 - Found PDSMEM2B.txt (text/plain) in CBT.V508.FILE439.PDS, moved to PDS/PDSMEM2B
2025-04-04 09:45:53.094111 - Found PDSMEM4.txt (text/plain) in CBT.V508.FILE439.PDS, moved to PDS/PDSMEM4
2025-04-04 09:45:53.094246 - Found PDSX.rexx (text/plain) in CBT.V508.FILE439.PDS, moved to PDS/PDSX
2025-04-04 09:45:53.094376 - Found PDS2CDSN.txt (text/plain) in CBT.V508.FILE439.PDS, moved to PDS/PDS2CDSN
2025-04-04 09:45:53.094877 - Found PDS2CMEM.txt (text/plain) in CBT.V508.FILE439.PDS, moved to PDS/PDS2CMEM
2025-04-04 09:45:53.095003 - Found PDS2FILE.txt (text/plain) in CBT.V508.FILE439.PDS, moved to PDS/PDS2FILE
2025-04-04 09:45:53.095126 - Found PDS2ISPF.txt (text/plain) in CBT.V508.FILE439.PDS, moved to PDS/PDS2ISPF
2025-04-04 09:45:53.095264 - Found PDS2RDSN.txt (text/plain) in CBT.V508.FILE439.PDS, moved to PDS/PDS2RDSN
2025-04-04 09:45:53.095386 - Found PDS2READ.txt (text/plain) in CBT.V508.FILE439.PDS, moved to PDS/PDS2READ
2025-04-04 09:45:53.095503 - Found PDS2SDSN.txt (text/plain) in CBT.V508.FILE439.PDS, moved to PDS/PDS2SDSN
2025-04-04 09:45:53.095638 - Found VTOCFLTR.rexx (text/plain) in CBT.V508.FILE439.PDS, moved to PDS/VTOCFLTR
